11:16:48: Creating resource group General
11:16:48: Creating resource group OgreInternal
11:16:48: Creating resource group OgreAutodetect
11:16:48: SceneManagerFactory for type 'DefaultSceneManager' registered.
11:16:48: Registering ResourceManager for type Material
11:16:48: Registering ResourceManager for type Mesh
11:16:48: Registering ResourceManager for type Skeleton
11:16:48: MovableObjectFactory for type 'ParticleSystem' registered.
11:16:48: ArchiveFactory for type 'FileSystem' registered
11:16:48: ArchiveFactory for type 'Zip' registered
11:16:48: ArchiveFactory for type 'EmbeddedZip' registered
11:16:48: DDS codec registering
11:16:48: ETC codec registering
11:16:48: ASTC codec registering
11:16:48: Registering ResourceManager for type GpuProgram
11:16:48: Registering ResourceManager for type Compositor
11:16:48: MovableObjectFactory for type 'Entity' registered.
11:16:48: MovableObjectFactory for type 'Light' registered.
11:16:48: MovableObjectFactory for type 'BillboardSet' registered.
11:16:48: MovableObjectFactory for type 'ManualObject' registered.
11:16:48: MovableObjectFactory for type 'BillboardChain' registered.
11:16:48: MovableObjectFactory for type 'RibbonTrail' registered.
11:16:48: MovableObjectFactory for type 'StaticGeometry' registered.
11:16:48: MovableObjectFactory for type 'Rectangle2D' registered.
11:16:48: Error: Cannot open file: plugins.cfg - skipping automatic plugin loading
11:16:48: *-*-* OGRE Initialising
11:16:48: *-*-* Version 14.3.0 (Tsathoggua)
11:16:48: Loading library RenderSystem_Direct3D11.dll
11:16:48: Installing plugin: D3D11 RenderSystem
11:16:48: D3D11: Direct3D11 Rendering Subsystem created.
11:16:48: D3D11: Driver Detection Starts
11:16:48: D3D11: "NVIDIA GeForce GTX 1080"
11:16:48: D3D11: "Microsoft Basic Render Driver (software)"
11:16:48: D3D11: Driver Detection Ends
11:16:48: Plugin successfully installed
11:16:48: D3D11: RenderSystem Option: Video Mode = 1280 x 720
11:16:48: D3D11: RenderSystem Option: Full Screen = No
11:16:48: CPU Identifier & Features
11:16:48: -------------------------
11:16:48:  *   CPU ID: GenuineIntel: Intel(R) Core(TM) i7-4770 CPU @ 3.40GHz
11:16:48:  *          SSE: yes
11:16:48:  *         SSE2: yes
11:16:48:  *         SSE3: yes
11:16:48:  *        SSE41: yes
11:16:48:  *        SSE42: yes
11:16:48:  *          MMX: yes
11:16:48:  *       MMXEXT: yes
11:16:48:  *        3DNOW: no
11:16:48:  *     3DNOWEXT: no
11:16:48:  *         CMOV: yes
11:16:48:  *          TSC: yes
11:16:48:  *INVARIANT TSC: yes
11:16:48:  *          FPU: yes
11:16:48:  *          PRO: yes
11:16:48:  *           HT: no
11:16:48: -------------------------
11:16:48: D3D11: Subsystem Initialising
11:16:48: D3D11: Driver Detection Starts
11:16:48: D3D11: "NVIDIA GeForce GTX 1080"
11:16:48: D3D11: "Microsoft Basic Render Driver (software)"
11:16:48: D3D11: Driver Detection Ends
11:16:48: D3D11: Requested "(default)", selected "NVIDIA GeForce GTX 1080"
11:16:49: D3D11: Device Feature Level 11.1
11:16:49: ***************************************
11:16:49: *** D3D11: Subsystem Initialized OK ***
11:16:49: ***************************************
11:16:49: RenderSystem::_createRenderWindow "OgreRenderWindow", 1280x720 windowed  miscParams: externalWindowHandle=11735698 
11:16:49: D3D11: Created D3D11 Rendering Window 'OgreRenderWindow' : 1280x720
11:16:49: Warning: D3D11: disabling VSync in windowed mode can cause timing issues at lower frame rates, turn VSync on if you observe this problem.
11:16:49: Registering ResourceManager for type Texture
11:16:49: RenderSystem capabilities
11:16:49: -------------------------
11:16:49: RenderSystem Name: Direct3D11 Rendering Subsystem
11:16:49: GPU Vendor: nvidia
11:16:49: Device Name: NVIDIA GeForce GTX 1080
11:16:49: Driver Version: 31.0.15.5222
11:16:49:  * Fixed function pipeline: no
11:16:49:  * 32-bit index buffers: yes
11:16:49:  * Hardware stencil buffer: yes
11:16:49:    - Two sided stencil support: yes
11:16:49:    - Wrap stencil values: yes
11:16:49:  * Gpu programs: yes
11:16:49:    - Vertex constant 4-vectors: 4096
11:16:49:    - Fragment constant 4-vectors: 4096
11:16:49:  * Geometry programs: yes
11:16:49:    - Number of constant 4-vectors: 4096
11:16:49:  * Tessellation programs: yes
11:16:49:    - Hull program constant 4-vectors: 4096
11:16:49:    - Domain program constant 4-vectors: 4096
11:16:49:  * Compute programs: yes
11:16:49:    - Number of constant 4-vectors: 4096
11:16:49:  * Supported Shader Profiles: cs_4_0 cs_4_1 cs_5_0 ds_5_0 gs_4_0 gs_4_1 gs_5_0 hlsl hs_5_0 ps_2_0 ps_2_a ps_2_b ps_3_0 ps_4_0 ps_4_0_level_9_1 ps_4_0_level_9_3 ps_4_1 ps_5_0 vs_2_0 vs_2_a vs_3_0 vs_4_0 vs_4_0_level_9_1 vs_4_0_level_9_3 vs_4_1 vs_5_0
11:16:49:  * Read-back compiled shader: yes
11:16:49:  * Number of vertex attributes: 32
11:16:49:  * Textures
11:16:49:    - Number of texture units: 16
11:16:49:    - Floating point: yes
11:16:49:    - Non-power-of-two: yes
11:16:49:    - 1D textures: yes
11:16:49:    - 2D array textures: yes
11:16:49:    - 3D textures: yes
11:16:49:    - Anisotropic filtering: yes
11:16:49:  * Texture Compression: yes
11:16:49:    - DXT: yes
11:16:49:    - VTC: no
11:16:49:    - PVRTC: no
11:16:49:    - ATC: no
11:16:49:    - ETC1: no
11:16:49:    - ETC2: no
11:16:49:    - BC4/BC5: no
11:16:49:    - BC6H/BC7: yes
11:16:49:    - ASTC: no
11:16:49:    - Automatic mipmap generation: no
11:16:49:  * Vertex Buffers
11:16:49:    - Render to Vertex Buffer: yes
11:16:49:    - Instance Data: yes
11:16:49:    - Primitive Restart: yes
11:16:49:    - INT_10_10_10_2_NORM element type: no
11:16:49:    - 16x3 element types: no
11:16:49:  * Vertex texture fetch: yes
11:16:49:    - Max vertex textures: 4
11:16:49:  * Read/Write Buffers: no
11:16:49:  * Hardware Occlusion Query: yes
11:16:49:  * User clip planes: yes
11:16:49:  * Depth clamping: yes
11:16:49:  * Hardware render-to-texture: yes
11:16:49:    - Multiple Render Targets: 8
11:16:49:  * Point Sprites: no
11:16:49:  * Wide Lines: no
11:16:49:  * Hardware Gamma: no
11:16:49: DefaultWorkQueue('Root') initialising on thread 79520.
11:16:49: DefaultWorkQueue('Root')::WorkerFunc - thread 57316 starting.
11:16:49: Particle Renderer Type 'billboard' registered
11:16:49: DefaultWorkQueue('Root')::WorkerFunc - thread 65420 starting.
