  Component.cpp
  Cubemap.cpp
C:\Users\Owner\source\repos\Aurora Engine\engine\Engine\scene\Entity.h(60,2): warning C4324: 'Entity::ConstantBuffer': structure was padded due to alignment specifier
C:\Users\Owner\source\repos\Aurora Engine\engine\Engine\physics\aPhysicsSystem.h(24,13): warning C4505: 'TraceImpl': unreferenced function with internal linkage has been removed
  Renderer.cpp
C:\Users\Owner\source\repos\Aurora Engine\engine\Engine\scene\Entity.h(60,2): warning C4324: 'Entity::ConstantBuffer': structure was padded due to alignment specifier
C:\Users\Owner\source\repos\Aurora Engine\engine\Engine\renderer\Renderer.cpp(26,1): warning C4273: 'Renderer::ThrowIfFailed': inconsistent dll linkage
C:\Users\Owner\source\repos\Aurora Engine\engine\Engine\renderer\Renderer.h(121,24): message : see previous definition of 'ThrowIfFailed'
C:\Users\Owner\source\repos\Aurora Engine\engine\Engine\renderer\Renderer.cpp(36,1): warning C4273: 'Renderer::InitRenderer': inconsistent dll linkage
C:\Users\Owner\source\repos\Aurora Engine\engine\Engine\renderer\Renderer.h(110,24): message : see previous definition of 'InitRenderer'
C:\Users\Owner\source\repos\Aurora Engine\engine\Engine\renderer\Renderer.cpp(207,1): warning C4273: 'Renderer::RenderLoop': inconsistent dll linkage
C:\Users\Owner\source\repos\Aurora Engine\engine\Engine\renderer\Renderer.h(112,24): message : see previous definition of 'RenderLoop'
C:\Users\Owner\source\repos\Aurora Engine\engine\Engine\renderer\Renderer.cpp(605,35): warning C4456: declaration of 'scb' hides previous local declaration
C:\Users\Owner\source\repos\Aurora Engine\engine\Engine\renderer\Renderer.cpp(504,24): message : see declaration of 'scb'
C:\Users\Owner\source\repos\Aurora Engine\engine\Engine\renderer\Renderer.cpp(413,14): warning C4189: 'heightMap': local variable is initialized but not referenced
C:\Users\Owner\source\repos\Aurora Engine\engine\Engine\renderer\Renderer.cpp(494,15): warning C4189: 'camZ': local variable is initialized but not referenced
C:\Users\Owner\source\repos\Aurora Engine\engine\Engine\renderer\Renderer.cpp(493,15): warning C4189: 'camX': local variable is initialized but not referenced
C:\Users\Owner\source\repos\Aurora Engine\engine\Engine\renderer\Renderer.cpp(860,45): warning C4273: 'Renderer::SetActiveScene': inconsistent dll linkage
C:\Users\Owner\source\repos\Aurora Engine\engine\Engine\renderer\Renderer.h(115,24): message : see previous definition of 'SetActiveScene'
C:\Users\Owner\source\repos\Aurora Engine\engine\Engine\renderer\Renderer.cpp(865,1): warning C4273: 'Renderer::SetD3DStates': inconsistent dll linkage
C:\Users\Owner\source\repos\Aurora Engine\engine\Engine\renderer\Renderer.h(120,24): message : see previous definition of 'SetD3DStates'
C:\Users\Owner\source\repos\Aurora Engine\engine\Engine\renderer\Renderer.cpp(880,1): warning C4273: 'Renderer::CreateRenderWindow': inconsistent dll linkage
C:\Users\Owner\source\repos\Aurora Engine\engine\Engine\renderer\Renderer.h(111,24): message : see previous definition of 'CreateRenderWindow'
C:\Users\Owner\source\repos\Aurora Engine\engine\Engine\renderer\Renderer.cpp(907,60): warning C4273: 'Renderer::DrawFrame': inconsistent dll linkage
C:\Users\Owner\source\repos\Aurora Engine\engine\Engine\renderer\Renderer.h(113,24): message : see previous definition of 'DrawFrame'
C:\Users\Owner\source\repos\Aurora Engine\engine\Engine\renderer\Renderer.cpp(920,68): warning C4273: 'Renderer::EditorRenderLoop': inconsistent dll linkage
C:\Users\Owner\source\repos\Aurora Engine\engine\Engine\renderer\Renderer.h(114,24): message : see previous definition of 'EditorRenderLoop'
C:\Users\Owner\source\repos\Aurora Engine\engine\Engine\renderer\Renderer.cpp(961,14): warning C4189: 'heightMap': local variable is initialized but not referenced
C:\Users\Owner\source\repos\Aurora Engine\engine\Engine\renderer\Renderer.cpp(978,12): warning C4189: 'NOW': local variable is initialized but not referenced
C:\Users\Owner\source\repos\Aurora Engine\engine\Engine\renderer\Renderer.cpp(979,12): warning C4189: 'LAST': local variable is initialized but not referenced
C:\Users\Owner\source\repos\Aurora Engine\engine\Engine\renderer\Renderer.cpp(999,15): warning C4189: 'camZ': local variable is initialized but not referenced
C:\Users\Owner\source\repos\Aurora Engine\engine\Engine\renderer\Renderer.cpp(998,15): warning C4189: 'camX': local variable is initialized but not referenced
C:\Users\Owner\source\repos\Aurora Engine\engine\Engine\renderer\Renderer.cpp(1111,1): warning C4273: 'Renderer::SDLInput': inconsistent dll linkage
C:\Users\Owner\source\repos\Aurora Engine\engine\Engine\renderer\Renderer.h(119,24): message : see previous definition of 'SDLInput'
C:\Users\Owner\source\repos\Aurora Engine\libraries\include\assimp\anim.h(521,1): warning C4459: declaration of 'a' hides global declaration
C:\Users\Owner\source\repos\Aurora Engine\engine\Engine\renderer\Renderer.cpp(1108,12): message : see declaration of 'a'
C:\Users\Owner\source\repos\Aurora Engine\libraries\include\assimp\anim.h(521): message : while compiling class template member function 'void Assimp::Interpolator<aiVector3D>::operator ()(T &,const T &,const T &,ai_real) const'
          with
          [
              T=aiVector3D
          ]
C:\Users\Owner\source\repos\Aurora Engine\libraries\include\assimp\anim.h(549): message : see reference to function template instantiation 'void Assimp::Interpolator<aiVector3D>::operator ()(T &,const T &,const T &,ai_real) const' being compiled
          with
          [
              T=aiVector3D
          ]
C:\Users\Owner\source\repos\Aurora Engine\libraries\include\assimp\anim.h(548): message : see reference to class template instantiation 'Assimp::Interpolator<aiVector3D>' being compiled
C:\Users\Owner\source\repos\Aurora Engine\libraries\include\assimp\anim.h(521,1): warning C4459: declaration of 'd' hides global declaration
C:\Users\Owner\source\repos\Aurora Engine\engine\Engine\renderer\Renderer.cpp(1108,15): message : see declaration of 'd'
C:\Users\Owner\source\repos\Aurora Engine\libraries\include\glm\detail\type_mat4x4.inl(39,58): warning C4459: declaration of 's' hides global declaration
C:\Users\Owner\source\repos\Aurora Engine\engine\Engine\renderer\Renderer.cpp(1108,9): message : see declaration of 's'
C:\Users\Owner\source\repos\Aurora Engine\libraries\include\glm\detail\type_mat4x4.inl(41): message : while compiling class template member function 'glm::mat<4,4,float,glm::packed_highp>::mat(T)'
          with
          [
              T=float
          ]
C:\Users\Owner\source\repos\Aurora Engine\engine\Engine\renderer\Renderer.cpp(423): message : see reference to function template instantiation 'glm::mat<4,4,float,glm::packed_highp>::mat(T)' being compiled
          with
          [
              T=float
          ]
C:\Users\Owner\source\repos\Aurora Engine\engine\Engine\renderer\Camera.h(112): message : see reference to class template instantiation 'glm::mat<4,4,float,glm::packed_highp>' being compiled
C:\Users\Owner\source\repos\Aurora Engine\libraries\include\glm\ext\matrix_transform.inl(20,1): warning C4459: declaration of 'a' hides global declaration
C:\Users\Owner\source\repos\Aurora Engine\engine\Engine\renderer\Renderer.cpp(1108,12): message : see declaration of 'a'
C:\Users\Owner\source\repos\Aurora Engine\engine\Engine\renderer\Renderer.cpp(502): message : see reference to function template instantiation 'glm::mat<4,4,float,glm::packed_highp> glm::rotate<float,glm::packed_highp>(const glm::mat<4,4,float,glm::packed_highp> &,T,const glm::vec<3,T,glm::packed_highp> &)' being compiled
          with
          [
              T=float
          ]
C:\Users\Owner\source\repos\Aurora Engine\libraries\include\glm\ext\matrix_transform.inl(22,1): warning C4459: declaration of 's' hides global declaration
C:\Users\Owner\source\repos\Aurora Engine\engine\Engine\renderer\Renderer.cpp(1108,9): message : see declaration of 's'
C:\Users\Owner\source\repos\Aurora Engine\libraries\include\glm\ext\matrix_transform.inl(179,1): warning C4459: declaration of 's' hides global declaration
C:\Users\Owner\source\repos\Aurora Engine\engine\Engine\renderer\Renderer.cpp(1108,9): message : see declaration of 's'
C:\Users\Owner\source\repos\Aurora Engine\engine\Engine\renderer\Renderer.cpp(555): message : see reference to function template instantiation 'glm::mat<4,4,float,glm::packed_highp> glm::lookAtLH<float,glm::packed_highp>(const glm::vec<3,float,glm::packed_highp> &,const glm::vec<3,float,glm::packed_highp> &,const glm::vec<3,float,glm::packed_highp> &)' being compiled
C:\Users\Owner\source\repos\Aurora Engine\libraries\include\glm\detail\func_geometric.inl(50,70): warning C4459: declaration of 'a' hides global declaration
C:\Users\Owner\source\repos\Aurora Engine\engine\Engine\renderer\Renderer.cpp(1108,12): message : see declaration of 'a'
C:\Users\Owner\source\repos\Aurora Engine\libraries\include\glm\detail\func_geometric.inl(51): message : while compiling class template member function 'T glm::detail::compute_dot<glm::vec<3,T,glm::packed_highp>,T,false>::call(const glm::vec<3,T,glm::packed_highp> &,const glm::vec<3,T,glm::packed_highp> &)'
          with
          [
              T=float
          ]
C:\Users\Owner\source\repos\Aurora Engine\libraries\include\glm\detail\func_geometric.inl(170): message : see reference to function template instantiation 'T glm::detail::compute_dot<glm::vec<3,T,glm::packed_highp>,T,false>::call(const glm::vec<3,T,glm::packed_highp> &,const glm::vec<3,T,glm::packed_highp> &)' being compiled
          with
          [
              T=float
          ]
C:\Users\Owner\source\repos\Aurora Engine\libraries\include\glm\detail\func_geometric.inl(170): message : see reference to class template instantiation 'glm::detail::compute_dot<glm::vec<3,float,glm::packed_highp>,T,false>' being compiled
          with
          [
              T=float
          ]
C:\Users\Owner\source\repos\Aurora Engine\engine\Engine\renderer\Camera.h(32): message : see reference to function template instantiation 'T glm::dot<3,float,glm::packed_highp>(const glm::vec<3,T,glm::packed_highp> &,const glm::vec<3,T,glm::packed_highp> &)' being compiled
          with
          [
              T=float
          ]
C:\Users\Owner\source\repos\Aurora Engine\libraries\include\glm\ext\matrix_transform.inl(156,1): warning C4459: declaration of 's' hides global declaration
C:\Users\Owner\source\repos\Aurora Engine\engine\Engine\renderer\Renderer.cpp(1108,9): message : see declaration of 's'
C:\Users\Owner\source\repos\Aurora Engine\libraries\include\glm\ext\matrix_transform.inl(204): message : see reference to function template instantiation 'glm::mat<4,4,float,glm::packed_highp> glm::lookAtRH<float,glm::packed_highp>(const glm::vec<3,float,glm::packed_highp> &,const glm::vec<3,float,glm::packed_highp> &,const glm::vec<3,float,glm::packed_highp> &)' being compiled
C:\Users\Owner\source\repos\Aurora Engine\engine\Engine\renderer\Camera.h(113): message : see reference to function template instantiation 'glm::mat<4,4,float,glm::packed_highp> glm::lookAt<float,glm::packed_highp>(const glm::vec<3,float,glm::packed_highp> &,const glm::vec<3,float,glm::packed_highp> &,const glm::vec<3,float,glm::packed_highp> &)' being compiled
C:\Users\Owner\source\repos\Aurora Engine\libraries\include\glm\detail\type_vec4.inl(20,81): warning C4459: declaration of 'a' hides global declaration
C:\Users\Owner\source\repos\Aurora Engine\engine\Engine\renderer\Renderer.cpp(1108,12): message : see declaration of 'a'
C:\Users\Owner\source\repos\Aurora Engine\libraries\include\glm\detail\type_vec4.inl(21): message : while compiling class template member function 'glm::vec<4,float,glm::packed_highp> glm::detail::compute_vec4_sub<T,glm::packed_highp,false>::call(const glm::vec<4,T,glm::packed_highp> &,const glm::vec<4,T,glm::packed_highp> &)'
          with
          [
              T=float
          ]
C:\Users\Owner\source\repos\Aurora Engine\libraries\include\glm\detail\type_vec4.inl(578): message : see reference to function template instantiation 'glm::vec<4,float,glm::packed_highp> glm::detail::compute_vec4_sub<T,glm::packed_highp,false>::call(const glm::vec<4,T,glm::packed_highp> &,const glm::vec<4,T,glm::packed_highp> &)' being compiled
          with
          [
              T=float
          ]
C:\Users\Owner\source\repos\Aurora Engine\libraries\include\glm\detail\type_vec4.inl(578): message : see reference to class template instantiation 'glm::detail::compute_vec4_sub<T,glm::packed_highp,false>' being compiled
          with
          [
              T=float
          ]
C:\Users\Owner\source\repos\Aurora Engine\libraries\include\glm\detail\type_vec4.inl(800): message : see reference to function template instantiation 'glm::vec<4,float,glm::packed_highp> &glm::vec<4,float,glm::packed_highp>::operator -=<float>(const glm::vec<4,float,glm::packed_highp> &)' being compiled
C:\Users\Owner\source\repos\Aurora Engine\libraries\include\glm\detail\type_vec4.inl(800): message : see reference to function template instantiation 'glm::vec<4,float,glm::packed_highp> &glm::vec<4,float,glm::packed_highp>::operator -=<float>(const glm::vec<4,float,glm::packed_highp> &)' being compiled
C:\Users\Owner\source\repos\Aurora Engine\engine\Engine\renderer\Model.h(87): message : see reference to function template instantiation 'glm::vec<4,float,glm::packed_highp> glm::operator -<float,glm::packed_highp>(const glm::vec<4,float,glm::packed_highp> &)' being compiled
C:\Users\Owner\source\repos\Aurora Engine\libraries\include\glm\detail\type_vec4.inl(29,81): warning C4459: declaration of 'a' hides global declaration
C:\Users\Owner\source\repos\Aurora Engine\engine\Engine\renderer\Renderer.cpp(1108,12): message : see declaration of 'a'
C:\Users\Owner\source\repos\Aurora Engine\libraries\include\glm\detail\type_vec4.inl(30): message : while compiling class template member function 'glm::vec<4,float,glm::packed_highp> glm::detail::compute_vec4_mul<T,glm::packed_highp,false>::call(const glm::vec<4,T,glm::packed_highp> &,const glm::vec<4,T,glm::packed_highp> &)'
          with
          [
              T=float
          ]
C:\Users\Owner\source\repos\Aurora Engine\libraries\include\glm\detail\type_vec4.inl(585): message : see reference to function template instantiation 'glm::vec<4,float,glm::packed_highp> glm::detail::compute_vec4_mul<T,glm::packed_highp,false>::call(const glm::vec<4,T,glm::packed_highp> &,const glm::vec<4,T,glm::packed_highp> &)' being compiled
          with
          [
              T=float
          ]
C:\Users\Owner\source\repos\Aurora Engine\libraries\include\glm\detail\type_vec4.inl(585): message : see reference to class template instantiation 'glm::detail::compute_vec4_mul<T,glm::packed_highp,false>' being compiled
          with
          [
              T=float
          ]
C:\Users\Owner\source\repos\Aurora Engine\libraries\include\glm\detail\type_vec4.inl(868): message : see reference to function template instantiation 'glm::vec<4,float,glm::packed_highp> &glm::vec<4,float,glm::packed_highp>::operator *=<T>(U)' being compiled
          with
          [
              T=float,
              U=float
          ]
C:\Users\Owner\source\repos\Aurora Engine\libraries\include\glm\detail\type_vec4.inl(868): message : see reference to function template instantiation 'glm::vec<4,float,glm::packed_highp> &glm::vec<4,float,glm::packed_highp>::operator *=<T>(U)' being compiled
          with
          [
              T=float,
              U=float
          ]
C:\Users\Owner\source\repos\Aurora Engine\libraries\include\glm\detail\func_packing.inl(75): message : see reference to function template instantiation 'glm::vec<4,float,glm::packed_highp> glm::operator *<float,glm::packed_highp>(const glm::vec<4,float,glm::packed_highp> &,T)' being compiled
          with
          [
              T=float
          ]
C:\Users\Owner\source\repos\Aurora Engine\libraries\include\glm\detail\_vectorize.hpp(78,89): warning C4459: declaration of 'a' hides global declaration
C:\Users\Owner\source\repos\Aurora Engine\engine\Engine\renderer\Renderer.cpp(1108,12): message : see declaration of 'a'
C:\Users\Owner\source\repos\Aurora Engine\libraries\include\glm\detail\_vectorize.hpp(79): message : while compiling class template member function 'glm::vec<4,float,glm::packed_highp> glm::detail::functor2<glm::vec,4,T,glm::packed_highp>::call(T (__cdecl *)(T,T),const glm::vec<4,T,glm::packed_highp> &,const glm::vec<4,T,glm::packed_highp> &)'
          with
          [
              T=float
          ]
C:\Users\Owner\source\repos\Aurora Engine\libraries\include\glm\detail\func_common.inl(226): message : see reference to function template instantiation 'glm::vec<4,float,glm::packed_highp> glm::detail::functor2<glm::vec,4,T,glm::packed_highp>::call(T (__cdecl *)(T,T),const glm::vec<4,T,glm::packed_highp> &,const glm::vec<4,T,glm::packed_highp> &)' being compiled
          with
          [
              T=float
          ]
C:\Users\Owner\source\repos\Aurora Engine\libraries\include\glm\detail\func_common.inl(226): message : see reference to class template instantiation 'glm::detail::functor2<glm::vec,4,T,glm::packed_highp>' being compiled
          with
          [
              T=float
          ]
C:\Users\Owner\source\repos\Aurora Engine\libraries\include\glm\detail\func_common.inl(225): message : while compiling class template member function 'glm::vec<4,float,glm::packed_highp> glm::detail::compute_min_vector<4,T,glm::packed_highp,false>::call(const glm::vec<4,T,glm::packed_highp> &,const glm::vec<4,T,glm::packed_highp> &)'
          with
          [
              T=float
          ]
C:\Users\Owner\source\repos\Aurora Engine\libraries\include\glm\detail\func_common.inl(486): message : see reference to function template instantiation 'glm::vec<4,float,glm::packed_highp> glm::detail::compute_min_vector<4,T,glm::packed_highp,false>::call(const glm::vec<4,T,glm::packed_highp> &,const glm::vec<4,T,glm::packed_highp> &)' being compiled
          with
          [
              T=float
          ]
C:\Users\Owner\source\repos\Aurora Engine\libraries\include\glm\detail\func_common.inl(486): message : see reference to class template instantiation 'glm::detail::compute_min_vector<4,T,glm::packed_highp,false>' being compiled
          with
          [
              T=float
          ]
C:\Users\Owner\source\repos\Aurora Engine\libraries\include\glm\detail\func_common.inl(244): message : see reference to function template instantiation 'glm::vec<4,float,glm::packed_highp> glm::min<4,float,glm::packed_highp>(const glm::vec<4,float,glm::packed_highp> &,const glm::vec<4,float,glm::packed_highp> &)' being compiled
C:\Users\Owner\source\repos\Aurora Engine\libraries\include\glm\detail\func_common.inl(243): message : while compiling class template member function 'glm::vec<4,float,glm::packed_highp> glm::detail::compute_clamp_vector<4,T,glm::packed_highp,false>::call(const glm::vec<4,T,glm::packed_highp> &,const glm::vec<4,T,glm::packed_highp> &,const glm::vec<4,T,glm::packed_highp> &)'
          with
          [
              T=float
          ]
C:\Users\Owner\source\repos\Aurora Engine\libraries\include\glm\detail\func_common.inl(515): message : see reference to function template instantiation 'glm::vec<4,float,glm::packed_highp> glm::detail::compute_clamp_vector<4,T,glm::packed_highp,false>::call(const glm::vec<4,T,glm::packed_highp> &,const glm::vec<4,T,glm::packed_highp> &,const glm::vec<4,T,glm::packed_highp> &)' being compiled
          with
          [
              T=float
          ]
C:\Users\Owner\source\repos\Aurora Engine\libraries\include\glm\detail\func_common.inl(515): message : see reference to class template instantiation 'glm::detail::compute_clamp_vector<4,T,glm::packed_highp,false>' being compiled
          with
          [
              T=float
          ]
C:\Users\Owner\source\repos\Aurora Engine\libraries\include\glm\detail\func_packing.inl(75): message : see reference to function template instantiation 'glm::vec<4,float,glm::packed_highp> glm::clamp<4,float,glm::packed_highp>(const glm::vec<4,float,glm::packed_highp> &,T,T)' being compiled
          with
          [
              T=float
          ]
C:\Users\Owner\source\repos\Aurora Engine\libraries\include\glm\detail\_vectorize.hpp(60,89): warning C4459: declaration of 'a' hides global declaration
C:\Users\Owner\source\repos\Aurora Engine\engine\Engine\renderer\Renderer.cpp(1108,12): message : see declaration of 'a'
C:\Users\Owner\source\repos\Aurora Engine\libraries\include\glm\detail\_vectorize.hpp(61): message : while compiling class template member function 'glm::vec<2,float,glm::packed_highp> glm::detail::functor2<glm::vec,2,T,glm::packed_highp>::call(T (__cdecl *)(T,T),const glm::vec<2,T,glm::packed_highp> &,const glm::vec<2,T,glm::packed_highp> &)'
          with
          [
              T=float
          ]
C:\Users\Owner\source\repos\Aurora Engine\libraries\include\glm\detail\func_common.inl(226): message : see reference to function template instantiation 'glm::vec<2,float,glm::packed_highp> glm::detail::functor2<glm::vec,2,T,glm::packed_highp>::call(T (__cdecl *)(T,T),const glm::vec<2,T,glm::packed_highp> &,const glm::vec<2,T,glm::packed_highp> &)' being compiled
          with
          [
              T=float
          ]
C:\Users\Owner\source\repos\Aurora Engine\libraries\include\glm\detail\func_common.inl(226): message : see reference to class template instantiation 'glm::detail::functor2<glm::vec,2,T,glm::packed_highp>' being compiled
          with
          [
              T=float
          ]
C:\Users\Owner\source\repos\Aurora Engine\libraries\include\glm\detail\func_common.inl(225): message : while compiling class template member function 'glm::vec<2,float,glm::packed_highp> glm::detail::compute_min_vector<2,T,glm::packed_highp,false>::call(const glm::vec<2,T,glm::packed_highp> &,const glm::vec<2,T,glm::packed_highp> &)'
          with
          [
              T=float
          ]
C:\Users\Owner\source\repos\Aurora Engine\libraries\include\glm\detail\func_common.inl(486): message : see reference to function template instantiation 'glm::vec<2,float,glm::packed_highp> glm::detail::compute_min_vector<2,T,glm::packed_highp,false>::call(const glm::vec<2,T,glm::packed_highp> &,const glm::vec<2,T,glm::packed_highp> &)' being compiled
          with
          [
              T=float
          ]
C:\Users\Owner\source\repos\Aurora Engine\libraries\include\glm\detail\func_common.inl(486): message : see reference to class template instantiation 'glm::detail::compute_min_vector<2,T,glm::packed_highp,false>' being compiled
          with
          [
              T=float
          ]
C:\Users\Owner\source\repos\Aurora Engine\libraries\include\glm\detail\func_common.inl(244): message : see reference to function template instantiation 'glm::vec<2,float,glm::packed_highp> glm::min<2,float,glm::packed_highp>(const glm::vec<2,float,glm::packed_highp> &,const glm::vec<2,float,glm::packed_highp> &)' being compiled
C:\Users\Owner\source\repos\Aurora Engine\libraries\include\glm\detail\func_common.inl(243): message : while compiling class template member function 'glm::vec<2,float,glm::packed_highp> glm::detail::compute_clamp_vector<2,T,glm::packed_highp,false>::call(const glm::vec<2,T,glm::packed_highp> &,const glm::vec<2,T,glm::packed_highp> &,const glm::vec<2,T,glm::packed_highp> &)'
          with
          [
              T=float
          ]
C:\Users\Owner\source\repos\Aurora Engine\libraries\include\glm\detail\func_common.inl(515): message : see reference to function template instantiation 'glm::vec<2,float,glm::packed_highp> glm::detail::compute_clamp_vector<2,T,glm::packed_highp,false>::call(const glm::vec<2,T,glm::packed_highp> &,const glm::vec<2,T,glm::packed_highp> &,const glm::vec<2,T,glm::packed_highp> &)' being compiled
          with
          [
              T=float
          ]
C:\Users\Owner\source\repos\Aurora Engine\libraries\include\glm\detail\func_common.inl(515): message : see reference to class template instantiation 'glm::detail::compute_clamp_vector<2,T,glm::packed_highp,false>' being compiled
          with
          [
              T=float
          ]
C:\Users\Owner\source\repos\Aurora Engine\libraries\include\glm\detail\func_packing.inl(17): message : see reference to function template instantiation 'glm::vec<2,float,glm::packed_highp> glm::clamp<2,float,glm::packed_highp>(const glm::vec<2,float,glm::packed_highp> &,T,T)' being compiled
          with
          [
              T=float
          ]
C:\Users\Owner\source\repos\Aurora Engine\libraries\include\glm\detail\type_vec4.inl(11,81): warning C4459: declaration of 'a' hides global declaration
C:\Users\Owner\source\repos\Aurora Engine\engine\Engine\renderer\Renderer.cpp(1108,12): message : see declaration of 'a'
C:\Users\Owner\source\repos\Aurora Engine\libraries\include\glm\detail\type_vec4.inl(12): message : while compiling class template member function 'glm::vec<4,float,glm::packed_highp> glm::detail::compute_vec4_add<T,glm::packed_highp,false>::call(const glm::vec<4,T,glm::packed_highp> &,const glm::vec<4,T,glm::packed_highp> &)'
          with
          [
              T=float
          ]
C:\Users\Owner\source\repos\Aurora Engine\libraries\include\glm\detail\type_vec4.inl(557): message : see reference to function template instantiation 'glm::vec<4,float,glm::packed_highp> glm::detail::compute_vec4_add<T,glm::packed_highp,false>::call(const glm::vec<4,T,glm::packed_highp> &,const glm::vec<4,T,glm::packed_highp> &)' being compiled
          with
          [
              T=float
          ]
C:\Users\Owner\source\repos\Aurora Engine\libraries\include\glm\detail\type_vec4.inl(557): message : see reference to class template instantiation 'glm::detail::compute_vec4_add<T,glm::packed_highp,false>' being compiled
          with
          [
              T=float
          ]
C:\Users\Owner\source\repos\Aurora Engine\libraries\include\glm\detail\type_vec4.inl(832): message : see reference to function template instantiation 'glm::vec<4,float,glm::packed_highp> &glm::vec<4,float,glm::packed_highp>::operator +=<float>(const glm::vec<4,float,glm::packed_highp> &)' being compiled
C:\Users\Owner\source\repos\Aurora Engine\libraries\include\glm\detail\type_vec4.inl(832): message : see reference to function template instantiation 'glm::vec<4,float,glm::packed_highp> &glm::vec<4,float,glm::packed_highp>::operator +=<float>(const glm::vec<4,float,glm::packed_highp> &)' being compiled
C:\Users\Owner\source\repos\Aurora Engine\libraries\include\glm\detail\type_mat4x4.inl(565): message : see reference to function template instantiation 'glm::vec<4,float,glm::packed_highp> glm::operator +<float,glm::packed_highp>(const glm::vec<4,float,glm::packed_highp> &,const glm::vec<4,float,glm::packed_highp> &)' being compiled
C:\Users\Owner\source\repos\Aurora Engine\engine\Engine\renderer\Model.h(82): message : see reference to function template instantiation 'glm::vec<4,float,glm::packed_highp> glm::operator *<float,glm::packed_highp>(const glm::mat<4,4,float,glm::packed_highp> &,const glm::vec<4,float,glm::packed_highp> &)' being compiled
C:\Users\Owner\source\repos\Aurora Engine\engine\Engine\physics\aPhysicsSystem.h(24,13): warning C4505: 'TraceImpl': unreferenced function with internal linkage has been removed
  Shader.cpp
C:\Users\Owner\source\repos\Aurora Engine\engine\Engine\renderer\Shader.cpp(8,110): warning C4273: 'Shader::SetVertexShader': inconsistent dll linkage
C:\Users\Owner\source\repos\Aurora Engine\engine\Engine\renderer\Shader.h(24,24): message : see previous definition of 'SetVertexShader'
C:\Users\Owner\source\repos\Aurora Engine\engine\Engine\renderer\Shader.cpp(15,2): warning C5205: delete of an abstract class 'ID3D10Blob' that has a non-virtual destructor results in undefined behavior
C:\Program Files (x86)\Windows Kits\10\Include\10.0.22621.0\um\d3dcommon.h(415): message : see declaration of 'ID3D10Blob'
C:\Users\Owner\source\repos\Aurora Engine\engine\Engine\renderer\Shader.cpp(8,93): warning C4100: 'm_deviceContext': unreferenced formal parameter
C:\Users\Owner\source\repos\Aurora Engine\engine\Engine\renderer\Shader.cpp(19,108): warning C4273: 'Shader::SetHullShader': inconsistent dll linkage
C:\Users\Owner\source\repos\Aurora Engine\engine\Engine\renderer\Shader.h(25,24): message : see previous definition of 'SetHullShader'
C:\Users\Owner\source\repos\Aurora Engine\engine\Engine\renderer\Shader.cpp(25,2): warning C5205: delete of an abstract class 'ID3D10Blob' that has a non-virtual destructor results in undefined behavior
C:\Program Files (x86)\Windows Kits\10\Include\10.0.22621.0\um\d3dcommon.h(415): message : see declaration of 'ID3D10Blob'
C:\Users\Owner\source\repos\Aurora Engine\engine\Engine\renderer\Shader.cpp(19,91): warning C4100: 'm_deviceContext': unreferenced formal parameter
C:\Users\Owner\source\repos\Aurora Engine\engine\Engine\renderer\Shader.cpp(29,110): warning C4273: 'Shader::SetDomainShader': inconsistent dll linkage
C:\Users\Owner\source\repos\Aurora Engine\engine\Engine\renderer\Shader.h(26,24): message : see previous definition of 'SetDomainShader'
C:\Users\Owner\source\repos\Aurora Engine\engine\Engine\renderer\Shader.cpp(35,2): warning C5205: delete of an abstract class 'ID3D10Blob' that has a non-virtual destructor results in undefined behavior
C:\Program Files (x86)\Windows Kits\10\Include\10.0.22621.0\um\d3dcommon.h(415): message : see declaration of 'ID3D10Blob'
C:\Users\Owner\source\repos\Aurora Engine\engine\Engine\renderer\Shader.cpp(29,93): warning C4100: 'm_deviceContext': unreferenced formal parameter
C:\Users\Owner\source\repos\Aurora Engine\engine\Engine\renderer\Shader.cpp(39,109): warning C4273: 'Shader::SetPixelShader': inconsistent dll linkage
C:\Users\Owner\source\repos\Aurora Engine\engine\Engine\renderer\Shader.h(27,24): message : see previous definition of 'SetPixelShader'
C:\Users\Owner\source\repos\Aurora Engine\engine\Engine\renderer\Shader.cpp(45,2): warning C5205: delete of an abstract class 'ID3D10Blob' that has a non-virtual destructor results in undefined behavior
C:\Program Files (x86)\Windows Kits\10\Include\10.0.22621.0\um\d3dcommon.h(415): message : see declaration of 'ID3D10Blob'
C:\Users\Owner\source\repos\Aurora Engine\engine\Engine\renderer\Shader.cpp(39,92): warning C4100: 'm_deviceContext': unreferenced formal parameter
C:\Users\Owner\source\repos\Aurora Engine\engine\Engine\renderer\Shader.cpp(49,112): warning C4273: 'Shader::SetGeometryShader': inconsistent dll linkage
C:\Users\Owner\source\repos\Aurora Engine\engine\Engine\renderer\Shader.h(28,24): message : see previous definition of 'SetGeometryShader'
C:\Users\Owner\source\repos\Aurora Engine\engine\Engine\renderer\Shader.cpp(55,2): warning C5205: delete of an abstract class 'ID3D10Blob' that has a non-virtual destructor results in undefined behavior
C:\Program Files (x86)\Windows Kits\10\Include\10.0.22621.0\um\d3dcommon.h(415): message : see declaration of 'ID3D10Blob'
C:\Users\Owner\source\repos\Aurora Engine\engine\Engine\renderer\Shader.cpp(49,95): warning C4100: 'm_deviceContext': unreferenced formal parameter
C:\Users\Owner\source\repos\Aurora Engine\engine\Engine\renderer\Shader.cpp(59,111): warning C4273: 'Shader::SetComputeShader': inconsistent dll linkage
C:\Users\Owner\source\repos\Aurora Engine\engine\Engine\renderer\Shader.h(29,24): message : see previous definition of 'SetComputeShader'
C:\Users\Owner\source\repos\Aurora Engine\engine\Engine\renderer\Shader.cpp(65,2): warning C5205: delete of an abstract class 'ID3D10Blob' that has a non-virtual destructor results in undefined behavior
C:\Program Files (x86)\Windows Kits\10\Include\10.0.22621.0\um\d3dcommon.h(415): message : see declaration of 'ID3D10Blob'
C:\Users\Owner\source\repos\Aurora Engine\engine\Engine\renderer\Shader.cpp(59,94): warning C4100: 'm_deviceContext': unreferenced formal parameter
  Terrain.cpp
C:\Users\Owner\source\repos\Aurora Engine\engine\Engine\renderer\Terrain.cpp(51,18): warning C4244: '=': conversion from 'int' to 'float', possible loss of data
C:\Users\Owner\source\repos\Aurora Engine\engine\Engine\renderer\Terrain.cpp(53,18): warning C4244: '=': conversion from 'int' to 'float', possible loss of data
C:\Users\Owner\source\repos\Aurora Engine\engine\Engine\renderer\Terrain.cpp(66,31): warning C4018: '<': signed/unsigned mismatch
C:\Users\Owner\source\repos\Aurora Engine\engine\Engine\renderer\Terrain.cpp(68,32): warning C4018: '<': signed/unsigned mismatch
C:\Users\Owner\source\repos\Aurora Engine\engine\Engine\renderer\Terrain.cpp(72,38): warning C4244: 'argument': conversion from 'unsigned int' to '_Ty', possible loss of data
          with
          [
              _Ty=unsigned short
          ]
C:\Users\Owner\source\repos\Aurora Engine\engine\Engine\renderer\Terrain.cpp(95,69): warning C4267: '=': conversion from 'size_t' to 'UINT', possible loss of data
C:\Users\Owner\source\repos\Aurora Engine\engine\Engine\renderer\Terrain.cpp(108,2): warning C5205: delete of an abstract class 'ID3D11Buffer' that has a non-virtual destructor results in undefined behavior
C:\Program Files (x86)\Windows Kits\10\Include\10.0.22621.0\um\d3d11.h(2451): message : see declaration of 'ID3D11Buffer'
C:\Users\Owner\source\repos\Aurora Engine\engine\Engine\renderer\Terrain.cpp(109,2): warning C5205: delete of an abstract class 'ID3D11Buffer' that has a non-virtual destructor results in undefined behavior
C:\Program Files (x86)\Windows Kits\10\Include\10.0.22621.0\um\d3d11.h(2451): message : see declaration of 'ID3D11Buffer'
C:\Users\Owner\source\repos\Aurora Engine\engine\Engine\renderer\Terrain.cpp(5,85): warning C4100: 'm_deviceContext': unreferenced formal parameter
C:\Users\Owner\source\repos\Aurora Engine\engine\Engine\renderer\Terrain.cpp(30,6): warning C4101: 'height': unreferenced local variable
C:\Users\Owner\source\repos\Aurora Engine\engine\Engine\renderer\Terrain.cpp(35,6): warning C4189: 'a': local variable is initialized but not referenced
C:\Users\Owner\source\repos\Aurora Engine\engine\Engine\renderer\Terrain.cpp(34,6): warning C4189: 'b': local variable is initialized but not referenced
C:\Users\Owner\source\repos\Aurora Engine\engine\Engine\renderer\Terrain.cpp(19,6): warning C4189: 'index4': local variable is initialized but not referenced
C:\Users\Owner\source\repos\Aurora Engine\engine\Engine\renderer\Terrain.cpp(20,8): warning C4101: 'positionX': unreferenced local variable
C:\Users\Owner\source\repos\Aurora Engine\engine\Engine\renderer\Terrain.cpp(17,6): warning C4189: 'index2': local variable is initialized but not referenced
C:\Users\Owner\source\repos\Aurora Engine\engine\Engine\renderer\Terrain.cpp(18,6): warning C4189: 'index3': local variable is initialized but not referenced
C:\Users\Owner\source\repos\Aurora Engine\engine\Engine\renderer\Terrain.cpp(15,6): warning C4189: 'index': local variable is initialized but not referenced
C:\Users\Owner\source\repos\Aurora Engine\engine\Engine\renderer\Terrain.cpp(22,6): warning C4189: 'index5': local variable is initialized but not referenced
C:\Users\Owner\source\repos\Aurora Engine\engine\Engine\renderer\Terrain.cpp(33,6): warning C4189: 'g': local variable is initialized but not referenced
C:\Users\Owner\source\repos\Aurora Engine\engine\Engine\renderer\Terrain.cpp(16,6): warning C4189: 'index1': local variable is initialized but not referenced
C:\Users\Owner\source\repos\Aurora Engine\engine\Engine\renderer\Terrain.cpp(32,6): warning C4189: 'r': local variable is initialized but not referenced
C:\Users\Owner\source\repos\Aurora Engine\engine\Engine\renderer\Terrain.cpp(20,19): warning C4101: 'positionZ': unreferenced local variable
C:\Users\Owner\source\repos\Aurora Engine\engine\Engine\renderer\Terrain.cpp(116,177): warning C4273: 'Terrain::DrawTerrain': inconsistent dll linkage
C:\Users\Owner\source\repos\Aurora Engine\engine\Engine\renderer\Terrain.h(46,24): message : see previous definition of 'DrawTerrain'
  Entity.cpp
C:\Users\Owner\source\repos\Aurora Engine\engine\Engine\scene\Entity.h(60,2): warning C4324: 'Entity::ConstantBuffer': structure was padded due to alignment specifier
C:\Users\Owner\source\repos\Aurora Engine\engine\Engine\scene\Entity.cpp(13,37): warning C4273: 'Entity::setModel': inconsistent dll linkage
C:\Users\Owner\source\repos\Aurora Engine\engine\Engine\scene\Entity.h(83,24): message : see previous definition of 'setModel'
C:\Users\Owner\source\repos\Aurora Engine\engine\Engine\scene\Entity.cpp(17,41): warning C4273: 'Entity::setPosition': inconsistent dll linkage
C:\Users\Owner\source\repos\Aurora Engine\engine\Engine\scene\Entity.h(86,24): message : see previous definition of 'setPosition'
C:\Users\Owner\source\repos\Aurora Engine\engine\Engine\scene\Entity.cpp(24,41): warning C4273: 'Entity::setRotation': inconsistent dll linkage
C:\Users\Owner\source\repos\Aurora Engine\engine\Engine\scene\Entity.h(87,24): message : see previous definition of 'setRotation'
C:\Users\Owner\source\repos\Aurora Engine\engine\Engine\scene\Entity.cpp(33,40): warning C4273: 'Entity::setScale': inconsistent dll linkage
C:\Users\Owner\source\repos\Aurora Engine\engine\Engine\scene\Entity.h(88,24): message : see previous definition of 'setScale'
C:\Users\Owner\source\repos\Aurora Engine\engine\Engine\scene\Entity.cpp(40,23): warning C4273: 'Entity::Update': inconsistent dll linkage
C:\Users\Owner\source\repos\Aurora Engine\engine\Engine\scene\Entity.h(89,24): message : see previous definition of 'Update'
C:\Users\Owner\source\repos\Aurora Engine\engine\Engine\scene\Entity.cpp(44,87): warning C4273: 'Entity::UpdateMatrixes': inconsistent dll linkage
C:\Users\Owner\source\repos\Aurora Engine\engine\Engine\scene\Entity.h(90,24): message : see previous definition of 'UpdateMatrixes'
C:\Users\Owner\source\repos\Aurora Engine\engine\Engine\scene\Entity.cpp(57,127): warning C4273: 'Entity::DrawModel': inconsistent dll linkage
C:\Users\Owner\source\repos\Aurora Engine\engine\Engine\scene\Entity.h(91,24): message : see previous definition of 'DrawModel'
C:\Users\Owner\source\repos\Aurora Engine\engine\Engine\scene\Entity.cpp(82,17): warning C4101: 'ImageHeight': unreferenced local variable
C:\Users\Owner\source\repos\Aurora Engine\engine\Engine\scene\Entity.cpp(103,28): warning C4189: 'widecstr2': local variable is initialized but not referenced
C:\Users\Owner\source\repos\Aurora Engine\engine\Engine\scene\Entity.cpp(84,17): warning C4189: 'ImageDesiredChannels': local variable is initialized but not referenced
C:\Users\Owner\source\repos\Aurora Engine\engine\Engine\scene\Entity.cpp(77,29): warning C4189: 'ImageTexture2': local variable is initialized but not referenced
C:\Users\Owner\source\repos\Aurora Engine\engine\Engine\scene\Entity.cpp(83,17): warning C4101: 'ImageChannels': unreferenced local variable
C:\Users\Owner\source\repos\Aurora Engine\engine\Engine\scene\Entity.cpp(81,17): warning C4101: 'ImageWidth': unreferenced local variable
C:\Users\Owner\source\repos\Aurora Engine\engine\Engine\scene\Entity.cpp(76,30): warning C4189: 'ImageTexture': local variable is initialized but not referenced
  Scene.cpp
C:\Users\Owner\source\repos\Aurora Engine\engine\Engine\scene\Entity.h(60,2): warning C4324: 'Entity::ConstantBuffer': structure was padded due to alignment specifier
C:\Users\Owner\source\repos\Aurora Engine\engine\Engine\scene\Scene.cpp(3,36): warning C4273: 'Scene::AddEntity': inconsistent dll linkage
C:\Users\Owner\source\repos\Aurora Engine\engine\Engine\scene\Scene.h(11,24): message : see previous definition of 'AddEntity'
C:\Users\Owner\source\repos\Aurora Engine\engine\Engine\scene\Scene.cpp(9,20): warning C4553: '==': result of expression not used; did you intend '='?
     Creating library C:\Users\Owner\source\repos\Aurora Engine\x64\Release\engine.lib and object C:\Users\Owner\source\repos\Aurora Engine\x64\Release\engine.exp
  Generating code
  9 of 9903 functions (<0.1%) were compiled, the rest were copied from previous compilation.
    0 functions were new in current compilation
    280 functions had inline decision re-evaluated but remain unchanged
  Finished generating code
  engine.vcxproj -> C:\Users\Owner\source\repos\Aurora Engine\x64\Release\engine.dll
