c:\users\owner\source\repos\aurora engine\engine\x64\release\vc142.pdb
c:\users\owner\source\repos\aurora engine\engine\x64\release\renderer.obj
c:\users\owner\source\repos\aurora engine\engine\x64\release\audiosource.obj
c:\users\owner\source\repos\aurora engine\x64\release\engine.lib
c:\users\owner\source\repos\aurora engine\x64\release\engine.exp
c:\users\owner\source\repos\aurora engine\x64\release\data\shaders\pixelshader.cso
c:\users\owner\source\repos\aurora engine\x64\release\data\shaders\vertexshader.cso
c:\users\owner\source\repos\aurora engine\x64\release\engine.dll
c:\users\owner\source\repos\aurora engine\engine\x64\release\engine.ipdb
c:\users\owner\source\repos\aurora engine\engine\x64\release\engine.iobj
c:\users\owner\source\repos\aurora engine\x64\release\engine.pdb
c:\users\owner\source\repos\aurora engine\engine\x64\release\engine.tlog\cl.command.1.tlog
c:\users\owner\source\repos\aurora engine\engine\x64\release\engine.tlog\cl.read.1.tlog
c:\users\owner\source\repos\aurora engine\engine\x64\release\engine.tlog\cl.write.1.tlog
c:\users\owner\source\repos\aurora engine\engine\x64\release\engine.tlog\engine.write.1u.tlog
c:\users\owner\source\repos\aurora engine\engine\x64\release\engine.tlog\fxc.command.1.tlog
c:\users\owner\source\repos\aurora engine\engine\x64\release\engine.tlog\fxc.read.1.tlog
c:\users\owner\source\repos\aurora engine\engine\x64\release\engine.tlog\fxc.write.1.tlog
c:\users\owner\source\repos\aurora engine\engine\x64\release\engine.tlog\link.command.1.tlog
c:\users\owner\source\repos\aurora engine\engine\x64\release\engine.tlog\link.delete.1.tlog
c:\users\owner\source\repos\aurora engine\engine\x64\release\engine.tlog\link.read.1.tlog
c:\users\owner\source\repos\aurora engine\engine\x64\release\engine.tlog\link.write.1.tlog
